0 info it worked if it ends with ok
1 verbose cli [ 'D:\\TOOLS\\nodejs\\node.exe',
1 verbose cli   'C:\\Users\\Diego\\AppData\\Roaming\\npm\\node_modules\\npm\\bin\\npm-cli.js',
1 verbose cli   'run',
1 verbose cli   'dev' ]
2 info using npm@3.10.10
3 info using node@v4.5.0
4 verbose run-script [ 'predev', 'dev', 'postdev' ]
5 info lifecycle default@1.0.0~predev: default@1.0.0
6 silly lifecycle default@1.0.0~predev: no script for predev, continuing
7 info lifecycle default@1.0.0~dev: default@1.0.0
8 verbose lifecycle default@1.0.0~dev: unsafe-perm in lifecycle true
9 verbose lifecycle default@1.0.0~dev: PATH: C:\Users\Diego\AppData\Roaming\npm\node_modules\npm\bin\node-gyp-bin;C:\Users\Diego\Documents\GitHub\labormedia.github.io\node_modules\.bin;C:\Users\Diego\bin;C:\Program Files\Git\mingw64\bin;C:\Program Files\Git\usr\local\bin;C:\Program Files\Git\usr\bin;C:\Program Files\Git\usr\bin;D:\TOOLS\Docker Toolbox;C:\Users\Diego\bin;C:\Program Files\Git\mingw64\bin;C:\Program Files\Git\usr\local\bin;C:\Program Files\Git\usr\bin;C:\Program Files\Git\usr\bin;C:\Program Files\Git\mingw64\bin;C:\Program Files\Git\usr\bin;C:\Users\Diego\bin;D:\TOOLS\NVIDIA GPU Computing Toolkit\CUDA\v7.5\bin;D:\TOOLS\NVIDIA GPU Computing Toolkit\CUDA\v7.5\libnvvp;C:\ProgramData\Oracle\Java\javapath;C:\Program Files (x86)\Intel\iCLS Client;C:\Program Files\Intel\iCLS Client;C:\WINDOWS\system32;C:\WINDOWS;C:\WINDOWS\System32\Wbem;C:\WINDOWS\System32\WindowsPowerShell\v1.0;C:\Program Files\Intel\Intel(R) Management Engine Components\DAL;C:\Program Files (x86)\Intel\Intel(R) Management Engine Components\DAL;C:\Program Files\Intel\Intel(R) Management Engine Components\IPT;C:\Program Files (x86)\Intel\Intel(R) Management Engine Components\IPT;C:\Program Files (x86)\GNU\GnuPG\pub;C:\Users\Diego\.dnx\bin;C:\Program Files\Microsoft DNX\Dnvm;C:\Program Files (x86)\Windows Kits\8.1\Windows Performance Toolkit;C:\Program Files (x86)\NVIDIA Corporation\PhysX\Common;D:\TOOLS\nodejs;C:\WINDOWS\system32;C:\WINDOWS;C:\WINDOWS\System32\Wbem;C:\WINDOWS\System32\WindowsPowerShell\v1.0;C:\Program Files\Common Files\Autodesk Shared;C:\Program Files\Intel\WiFi\bin;C:\Program Files\Common Files\Intel\WirelessCommon;C:\Users\Diego\AppData\Local\Programs\Python\Python36\Scripts;C:\Users\Diego\AppData\Local\Programs\Python\Python36;C:\Program Files (x86)\Microsoft VS Code\bin;D:\TOOLS\Graphviz2.38\bin;D:\TOOLS\MiKTeX 2.9\miktex\bin;C:\Users\Diego\AppData\Roaming\npm;D:\TOOLS\Docker Toolbox;C:\Users\Diego\AppData\Local\Microsoft\WindowsApps;D:\TOOLS\Google\Cloud SDK\google-cloud-sdk\bin;C:\Program Files\Intel\WiFi\bin;C:\Program Files\Common Files\Intel\WirelessCommon;C:\Users\Diego\AppData\Local\particledev\bin;D:\TOOLS\Heroku\bin;C:\Program Files\Git\usr\bin\vendor_perl;C:\Program Files\Git\usr\bin\core_perl;C:\Program Files\Git\usr\bin\vendor_perl;C:\Program Files\Git\usr\bin\core_perl
10 verbose lifecycle default@1.0.0~dev: CWD: C:\Users\Diego\Documents\GitHub\labormedia.github.io
11 silly lifecycle default@1.0.0~dev: Args: [ '/d /s /c', 'webpack-dev-server --optimize-dedupe' ]
12 silly lifecycle default@1.0.0~dev: Returned: code: 3221225786  signal: null
13 info lifecycle default@1.0.0~dev: Failed to exec dev script
14 verbose stack Error: default@1.0.0 dev: `webpack-dev-server --optimize-dedupe`
14 verbose stack Exit status 3221225786
14 verbose stack     at EventEmitter.<anonymous> (C:\Users\Diego\AppData\Roaming\npm\node_modules\npm\lib\utils\lifecycle.js:255:16)
14 verbose stack     at emitTwo (events.js:87:13)
14 verbose stack     at EventEmitter.emit (events.js:172:7)
14 verbose stack     at ChildProcess.<anonymous> (C:\Users\Diego\AppData\Roaming\npm\node_modules\npm\lib\utils\spawn.js:40:14)
14 verbose stack     at emitTwo (events.js:87:13)
14 verbose stack     at ChildProcess.emit (events.js:172:7)
14 verbose stack     at maybeClose (internal/child_process.js:829:16)
14 verbose stack     at Process.ChildProcess._handle.onexit (internal/child_process.js:211:5)
15 verbose pkgid default@1.0.0
16 verbose cwd C:\Users\Diego\Documents\GitHub\labormedia.github.io
17 error Windows_NT 10.0.14393
18 error argv "D:\\TOOLS\\nodejs\\node.exe" "C:\\Users\\Diego\\AppData\\Roaming\\npm\\node_modules\\npm\\bin\\npm-cli.js" "run" "dev"
19 error node v4.5.0
20 error npm  v3.10.10
21 error code ELIFECYCLE
22 error default@1.0.0 dev: `webpack-dev-server --optimize-dedupe`
22 error Exit status 3221225786
23 error Failed at the default@1.0.0 dev script 'webpack-dev-server --optimize-dedupe'.
23 error Make sure you have the latest version of node.js and npm installed.
23 error If you do, this is most likely a problem with the default package,
23 error not with npm itself.
23 error Tell the author that this fails on your system:
23 error     webpack-dev-server --optimize-dedupe
23 error You can get information on how to open an issue for this project with:
23 error     npm bugs default
23 error Or if that isn't available, you can get their info via:
23 error     npm owner ls default
23 error There is likely additional logging output above.
24 verbose exit [ 1, true ]
